<?xml version="1.0" encoding="UTF-8"?>
<!-- Generated by org.testng.reporters.JUnitReportReporter -->
<testsuite hostname="LAPTOP-TPPN1LP7" failures="0" tests="1" name="rahulsettyacademy.ExtentReports.ExtentReportDemo" time="3.746" errors="0" timestamp="2023-10-11T22:55:57 IST" skipped="0">
  <testcase classname="rahulsettyacademy.ExtentReports.ExtentReportDemo" name="InitialTest" time="3.746"/>
</testsuite> <!-- rahulsettyacademy.ExtentReports.ExtentReportDemo -->
